Compilation started at 11/16/2023, 9:45:41 PM
c:\Users\AP\github-classroom\FPC-advanced\fpc-advanced-classroom-1st-year-assignment-Apoorva-Ramesh12\set04\problem02.c: In function 'main':
c:\Users\AP\github-classroom\FPC-advanced\fpc-advanced-classroom-1st-year-assignment-Apoorva-Ramesh12\set04\problem02.c:17:5: warning: implicit declaration of function 'output' [-Wimplicit-function-declaration]
     output(f1,f2,f3,smallest);
     ^~~~~~
C:\Users\AP\AppData\Local\Temp\ccWtyZgh.o: In function `main':
c:/Users/AP/github-classroom/FPC-advanced/fpc-advanced-classroom-1st-year-assignment-Apoorva-Ramesh12/set04/problem02.c:12: undefined reference to `input_fraction'
c:/Users/AP/github-classroom/FPC-advanced/fpc-advanced-classroom-1st-year-assignment-Apoorva-Ramesh12/set04/problem02.c:13: undefined reference to `input_fraction'
c:/Users/AP/github-classroom/FPC-advanced/fpc-advanced-classroom-1st-year-assignment-Apoorva-Ramesh12/set04/problem02.c:14: undefined reference to `input_fraction'
c:/Users/AP/github-classroom/FPC-advanced/fpc-advanced-classroom-1st-year-assignment-Apoorva-Ramesh12/set04/problem02.c:17: undefined reference to `output'
collect2.exe: error: ld returned 1 exit status
Compilation finished at 11/16/2023, 9:45:42 PM
Compilation started at 11/16/2023, 9:47:23 PM
c:\Users\AP\github-classroom\FPC-advanced\fpc-advanced-classroom-1st-year-assignment-Apoorva-Ramesh12\set04\problem02.c: In function 'main':
c:\Users\AP\github-classroom\FPC-advanced\fpc-advanced-classroom-1st-year-assignment-Apoorva-Ramesh12\set04\problem02.c:17:5: warning: implicit declaration of function 'output' [-Wimplicit-function-declaration]
     output(f1,f2,f3,smallest);
     ^~~~~~
C:\Users\AP\AppData\Local\Temp\ccAuT6BH.o: In function `main':
c:/Users/AP/github-classroom/FPC-advanced/fpc-advanced-classroom-1st-year-assignment-Apoorva-Ramesh12/set04/problem02.c:17: undefined reference to `output'
collect2.exe: error: ld returned 1 exit status
Compilation finished at 11/16/2023, 9:47:23 PM
Compilation started at 11/16/2023, 9:48:50 PM
Compilation finished at 11/16/2023, 9:48:50 PM
Compilation started at 11/26/2023, 7:45:38 PM
Compilation finished at 11/26/2023, 7:45:38 PM
Compilation started at 2/12/2024, 1:09:16 PM
c:\Users\AP\github-classroom\FPC-advanced\fpc-advanced-classroom-1st-year-assignment-Apoorva-Ramesh12\set04\problem02.c: In function 'smallest_fraction':
c:\Users\AP\github-classroom\FPC-advanced\fpc-advanced-classroom-1st-year-assignment-Apoorva-Ramesh12\set04\problem02.c:33:8: warning: implicit declaration of function 'fabs' [-Wimplicit-function-declaration]
     if(fabs((frac1-frac2)>0) && fabs((frac1-frac3)>0))
        ^~~~
c:\Users\AP\github-classroom\FPC-advanced\fpc-advanced-classroom-1st-year-assignment-Apoorva-Ramesh12\set04\problem02.c:33:8: warning: incompatible implicit declaration of built-in function 'fabs'
c:\Users\AP\github-classroom\FPC-advanced\fpc-advanced-classroom-1st-year-assignment-Apoorva-Ramesh12\set04\problem02.c:33:8: note: include '<math.h>' or provide a declaration of 'fabs'
Compilation finished at 2/12/2024, 1:09:17 PM
